2022-11-20T12:53:57,799 - PredictionTime.Milliseconds:6.66|#ModelName:mnist,Level:Model|#hostname:MacStudio,requestID:298f845d-4c97-419a-a59a-9aac664e70f3,timestamp:1668977637
2022-11-20T12:53:57,853 - PredictionTime.Milliseconds:4.93|#ModelName:mnist,Level:Model|#hostname:MacStudio,requestID:ed5ac315-a0e9-4ca4-8315-b805d31a74ee,timestamp:1668977637
2022-11-20T12:53:57,892 - PredictionTime.Milliseconds:6.99|#ModelName:mnist,Level:Model|#hostname:MacStudio,requestID:7f527aa4-a993-42b3-9208-31d7fe7edd0f,timestamp:1668977637
2022-11-20T12:53:57,926 - PredictionTime.Milliseconds:3.18|#ModelName:mnist,Level:Model|#hostname:MacStudio,requestID:a8839d0f-3030-4077-b1d8-2d7dbe76228c,timestamp:1668977637
2022-11-20T12:53:57,952 - PredictionTime.Milliseconds:4.56|#ModelName:mnist,Level:Model|#hostname:MacStudio,requestID:68e7307a-9935-4163-914f-25524562cdf9,timestamp:1668977637
2022-11-20T12:53:57,978 - PredictionTime.Milliseconds:4.23|#ModelName:mnist,Level:Model|#hostname:MacStudio,requestID:ce5cb344-2404-4564-b797-7f9a69b6ac65,timestamp:1668977637
2022-11-20T12:54:27,684 - PredictionTime.Milliseconds:3.7|#ModelName:mnist,Level:Model|#hostname:MacStudio,requestID:9bc98cb1-117a-4dc7-9584-0ae753baae0b,timestamp:1668977667
2022-11-20T12:54:27,712 - PredictionTime.Milliseconds:3.27|#ModelName:mnist,Level:Model|#hostname:MacStudio,requestID:319c5e1d-67ca-457a-81b1-9cb87bc34179,timestamp:1668977667
2022-11-20T12:54:27,732 - PredictionTime.Milliseconds:2.83|#ModelName:mnist,Level:Model|#hostname:MacStudio,requestID:217d20f7-eb55-411a-a829-07a1d7111202,timestamp:1668977667
2022-11-20T12:54:27,752 - PredictionTime.Milliseconds:1.34|#ModelName:mnist,Level:Model|#hostname:MacStudio,requestID:a996d60f-3708-46a7-b328-e99ff4c332f9,timestamp:1668977667
2022-11-20T12:54:27,772 - PredictionTime.Milliseconds:2.35|#ModelName:mnist,Level:Model|#hostname:MacStudio,requestID:3fdcf2d4-eef4-4fdf-a8ca-ded641524fd4,timestamp:1668977667
2022-11-20T12:54:27,790 - PredictionTime.Milliseconds:2.01|#ModelName:mnist,Level:Model|#hostname:MacStudio,requestID:c2f34d59-16e6-4c93-adc3-7f2e66953ec4,timestamp:1668977667
2022-11-20T12:54:32,437 - PredictionTime.Milliseconds:7.46|#ModelName:mnist,Level:Model|#hostname:MacStudio,requestID:3357cd91-d94e-453e-ac1b-88d61bbeb706,timestamp:1668977672
2022-11-20T12:54:32,485 - PredictionTime.Milliseconds:7.73|#ModelName:mnist,Level:Model|#hostname:MacStudio,requestID:3e9a6333-ce53-4b2b-9890-7b3c332d8b10,timestamp:1668977672
2022-11-20T12:54:32,529 - PredictionTime.Milliseconds:6.56|#ModelName:mnist,Level:Model|#hostname:MacStudio,requestID:3a5d8fe4-f0d4-4f8d-89eb-e9047cb4eeea,timestamp:1668977672
2022-11-20T12:54:32,557 - PredictionTime.Milliseconds:2.68|#ModelName:mnist,Level:Model|#hostname:MacStudio,requestID:127ec8d1-1aa0-4332-9e0b-5551ea5e276c,timestamp:1668977672
2022-11-20T12:54:32,579 - PredictionTime.Milliseconds:3.36|#ModelName:mnist,Level:Model|#hostname:MacStudio,requestID:a04899a5-bfca-4f24-a645-40816041d4c6,timestamp:1668977672
2022-11-20T12:54:32,600 - PredictionTime.Milliseconds:2.89|#ModelName:mnist,Level:Model|#hostname:MacStudio,requestID:ae9a1c50-eb40-419f-a533-3811b91d94d2,timestamp:1668977672
2022-11-20T12:56:29,347 - PredictionTime.Milliseconds:3.82|#ModelName:mnist,Level:Model|#hostname:MacStudio,requestID:637f25f8-c641-482b-a117-4ab3cb1980f0,timestamp:1668977789
2022-11-20T12:56:29,368 - PredictionTime.Milliseconds:4.13|#ModelName:mnist,Level:Model|#hostname:MacStudio,requestID:04845209-5499-42e6-82ff-5496abb15f0f,timestamp:1668977789
2022-11-20T12:56:29,392 - PredictionTime.Milliseconds:5.19|#ModelName:mnist,Level:Model|#hostname:MacStudio,requestID:14fe13a0-eff6-48bb-ba35-5100f10bf6ba,timestamp:1668977789
2022-11-20T12:56:29,413 - PredictionTime.Milliseconds:5.38|#ModelName:mnist,Level:Model|#hostname:MacStudio,requestID:1bc1dc84-bff5-4437-b51d-73085d1faaff,timestamp:1668977789
2022-11-20T12:56:29,432 - PredictionTime.Milliseconds:2.32|#ModelName:mnist,Level:Model|#hostname:MacStudio,requestID:ff2f92ae-55a1-439f-ab1e-e1f7adb5062e,timestamp:1668977789
2022-11-20T12:56:29,451 - PredictionTime.Milliseconds:3.62|#ModelName:mnist,Level:Model|#hostname:MacStudio,requestID:51084dba-e353-48e3-927e-36d397d06274,timestamp:1668977789
2022-11-20T12:56:51,832 - PredictionTime.Milliseconds:2.92|#ModelName:mnist,Level:Model|#hostname:MacStudio,requestID:3469d1d5-8e98-4019-ba3f-0e52e3ec78a9,timestamp:1668977811
2022-11-20T12:56:51,853 - PredictionTime.Milliseconds:2.66|#ModelName:mnist,Level:Model|#hostname:MacStudio,requestID:805c382b-145a-4533-ac8a-a8c00c94bdb2,timestamp:1668977811
2022-11-20T12:56:51,874 - PredictionTime.Milliseconds:2.7|#ModelName:mnist,Level:Model|#hostname:MacStudio,requestID:fc9b410e-c1de-4558-aac9-dd851c6762d3,timestamp:1668977811
2022-11-20T12:56:51,893 - PredictionTime.Milliseconds:2.56|#ModelName:mnist,Level:Model|#hostname:MacStudio,requestID:b62dd4bc-6352-4f87-9907-df277e7d4702,timestamp:1668977811
2022-11-20T12:56:51,914 - PredictionTime.Milliseconds:2.75|#ModelName:mnist,Level:Model|#hostname:MacStudio,requestID:873d782e-34e5-4d47-82d9-4bc9f9fd9d94,timestamp:1668977811
2022-11-20T12:56:51,935 - PredictionTime.Milliseconds:2.63|#ModelName:mnist,Level:Model|#hostname:MacStudio,requestID:ecc6bc52-0ec6-47cb-ba99-437d0be8bb2a,timestamp:1668977811
2022-11-20T12:57:06,548 - PredictionTime.Milliseconds:2.47|#ModelName:mnist,Level:Model|#hostname:MacStudio,requestID:5ce7b5d4-2a20-45e0-b6fc-8b8634b22a11,timestamp:1668977826
2022-11-20T12:57:06,571 - PredictionTime.Milliseconds:2.23|#ModelName:mnist,Level:Model|#hostname:MacStudio,requestID:0fca6ac1-7f82-48fa-8b97-d07853ef28ac,timestamp:1668977826
2022-11-20T12:57:06,594 - PredictionTime.Milliseconds:2.29|#ModelName:mnist,Level:Model|#hostname:MacStudio,requestID:995be12e-770e-4b76-9720-c76682b9bddf,timestamp:1668977826
2022-11-20T12:57:06,617 - PredictionTime.Milliseconds:2.38|#ModelName:mnist,Level:Model|#hostname:MacStudio,requestID:3d1ead5f-c453-42bd-aa0f-e661c8251004,timestamp:1668977826
2022-11-20T12:57:06,636 - PredictionTime.Milliseconds:2.31|#ModelName:mnist,Level:Model|#hostname:MacStudio,requestID:f5057c18-0a04-409d-8e42-3b4c9ba345b8,timestamp:1668977826
2022-11-20T12:57:06,657 - PredictionTime.Milliseconds:3.06|#ModelName:mnist,Level:Model|#hostname:MacStudio,requestID:c8bbcbad-49ac-49da-ae33-94ff876b6c87,timestamp:1668977826
2022-11-20T12:58:33,972 - PredictionTime.Milliseconds:2.59|#ModelName:mnist,Level:Model|#hostname:MacStudio,requestID:9aa52ee6-b9ae-4e9c-92a6-45d0fdb5f145,timestamp:1668977913
2022-11-20T12:58:33,994 - PredictionTime.Milliseconds:2.68|#ModelName:mnist,Level:Model|#hostname:MacStudio,requestID:a269a50b-fb20-4568-b700-64a1bafb3fcb,timestamp:1668977913
2022-11-20T12:58:34,023 - PredictionTime.Milliseconds:3.31|#ModelName:mnist,Level:Model|#hostname:MacStudio,requestID:041b131b-8486-47cf-ac0f-dd2a4dba56ee,timestamp:1668977914
2022-11-20T12:58:34,050 - PredictionTime.Milliseconds:4.2|#ModelName:mnist,Level:Model|#hostname:MacStudio,requestID:f9a6b480-a595-4012-84f1-68474c0c887c,timestamp:1668977914
2022-11-20T12:58:34,072 - PredictionTime.Milliseconds:2.48|#ModelName:mnist,Level:Model|#hostname:MacStudio,requestID:96bdb51d-8831-4622-8331-64e28e6f954e,timestamp:1668977914
2022-11-20T12:58:34,099 - PredictionTime.Milliseconds:4.22|#ModelName:mnist,Level:Model|#hostname:MacStudio,requestID:62713cb2-3e7f-4028-9134-f7ce19bef85f,timestamp:1668977914
2022-11-20T12:58:40,194 - PredictionTime.Milliseconds:2.73|#ModelName:mnist,Level:Model|#hostname:MacStudio,requestID:f16740e9-8101-47b2-8b2d-e7542da1873b,timestamp:1668977920
2022-11-20T12:58:40,220 - PredictionTime.Milliseconds:3.05|#ModelName:mnist,Level:Model|#hostname:MacStudio,requestID:ab90a063-197a-451e-be04-2a460ad9cb83,timestamp:1668977920
2022-11-20T12:58:40,243 - PredictionTime.Milliseconds:2.39|#ModelName:mnist,Level:Model|#hostname:MacStudio,requestID:87f8dcae-7c05-4148-ac33-18ca184c6260,timestamp:1668977920
2022-11-20T12:58:40,267 - PredictionTime.Milliseconds:4.06|#ModelName:mnist,Level:Model|#hostname:MacStudio,requestID:a7733e1c-3d77-41e3-9762-578f407edfaa,timestamp:1668977920
2022-11-20T12:58:40,288 - PredictionTime.Milliseconds:2.29|#ModelName:mnist,Level:Model|#hostname:MacStudio,requestID:0ec609ac-a3bd-4a4c-a1c8-0d44232bf8e7,timestamp:1668977920
2022-11-20T12:58:40,308 - PredictionTime.Milliseconds:2.72|#ModelName:mnist,Level:Model|#hostname:MacStudio,requestID:61f63d28-2367-4b80-8d50-f2c6392d547a,timestamp:1668977920
2022-11-20T12:59:02,647 - PredictionTime.Milliseconds:2.48|#ModelName:mnist,Level:Model|#hostname:MacStudio,requestID:dcda34ff-5cc5-433e-ad3d-00d953a6925d,timestamp:1668977942
2022-11-20T12:59:02,671 - PredictionTime.Milliseconds:2.45|#ModelName:mnist,Level:Model|#hostname:MacStudio,requestID:cc8a0b07-75cf-49ef-a412-ff28beadf6ba,timestamp:1668977942
2022-11-20T12:59:02,699 - PredictionTime.Milliseconds:5.75|#ModelName:mnist,Level:Model|#hostname:MacStudio,requestID:d6f2eed6-fb32-4004-9d90-54dd43b0aa32,timestamp:1668977942
2022-11-20T12:59:02,726 - PredictionTime.Milliseconds:2.96|#ModelName:mnist,Level:Model|#hostname:MacStudio,requestID:b26add52-b934-4544-9869-0028e66af5e2,timestamp:1668977942
2022-11-20T12:59:02,752 - PredictionTime.Milliseconds:2.4|#ModelName:mnist,Level:Model|#hostname:MacStudio,requestID:4322f37e-f03f-401b-816c-b3354ae64309,timestamp:1668977942
2022-11-20T12:59:02,778 - PredictionTime.Milliseconds:3.7|#ModelName:mnist,Level:Model|#hostname:MacStudio,requestID:e9d671a8-b086-444a-825f-a0694e0be681,timestamp:1668977942
2022-11-20T12:59:07,973 - PredictionTime.Milliseconds:3.06|#ModelName:mnist,Level:Model|#hostname:MacStudio,requestID:7aee9c28-ae3d-4633-95b9-9467fdd6d583,timestamp:1668977947
2022-11-20T12:59:08,000 - PredictionTime.Milliseconds:3.9|#ModelName:mnist,Level:Model|#hostname:MacStudio,requestID:44d9216b-2a68-49b9-8c62-82a8bc15716d,timestamp:1668977947
2022-11-20T12:59:08,030 - PredictionTime.Milliseconds:2.43|#ModelName:mnist,Level:Model|#hostname:MacStudio,requestID:278709bc-825b-4474-9060-6cfb63140c1b,timestamp:1668977948
2022-11-20T12:59:08,055 - PredictionTime.Milliseconds:3.57|#ModelName:mnist,Level:Model|#hostname:MacStudio,requestID:a6c98541-5360-463f-b497-d91ad6b1bb5a,timestamp:1668977948
2022-11-20T12:59:08,074 - PredictionTime.Milliseconds:2.25|#ModelName:mnist,Level:Model|#hostname:MacStudio,requestID:148e9c4c-72cf-4b63-b30a-194d6b9e97cb,timestamp:1668977948
2022-11-20T12:59:08,094 - PredictionTime.Milliseconds:2.36|#ModelName:mnist,Level:Model|#hostname:MacStudio,requestID:c9c49923-a2c6-4fc1-84d4-b6a05739ca51,timestamp:1668977948
2022-11-20T12:59:48,956 - PredictionTime.Milliseconds:2.61|#ModelName:mnist,Level:Model|#hostname:MacStudio,requestID:af042863-8844-42b3-8864-51d65d75950a,timestamp:1668977988
2022-11-20T12:59:48,983 - PredictionTime.Milliseconds:2.61|#ModelName:mnist,Level:Model|#hostname:MacStudio,requestID:e8385de0-6b63-49fc-8d91-1e8b6090a6bd,timestamp:1668977988
2022-11-20T12:59:49,015 - PredictionTime.Milliseconds:7.29|#ModelName:mnist,Level:Model|#hostname:MacStudio,requestID:d6c90663-b48e-49f4-815a-5d0290752be1,timestamp:1668977989
2022-11-20T12:59:49,042 - PredictionTime.Milliseconds:2.47|#ModelName:mnist,Level:Model|#hostname:MacStudio,requestID:b1f8778c-f5ef-4cb8-b767-2b86e80b14bb,timestamp:1668977989
2022-11-20T12:59:49,068 - PredictionTime.Milliseconds:2.59|#ModelName:mnist,Level:Model|#hostname:MacStudio,requestID:8cc5c4ee-2878-40f0-80e0-effb58a9d33b,timestamp:1668977989
2022-11-20T12:59:49,092 - PredictionTime.Milliseconds:4.2|#ModelName:mnist,Level:Model|#hostname:MacStudio,requestID:ce05e5b3-aca9-405c-856b-3429e0627d67,timestamp:1668977989
2022-11-20T13:00:09,999 - PredictionTime.Milliseconds:2.57|#ModelName:mnist,Level:Model|#hostname:MacStudio,requestID:8fa14e64-9878-4984-b7df-dd8e77813f20,timestamp:1668978009
2022-11-20T13:00:10,022 - PredictionTime.Milliseconds:2.48|#ModelName:mnist,Level:Model|#hostname:MacStudio,requestID:2bc17409-3030-4059-b984-9b88ad541274,timestamp:1668978010
2022-11-20T13:00:10,049 - PredictionTime.Milliseconds:3.32|#ModelName:mnist,Level:Model|#hostname:MacStudio,requestID:976809f5-70a8-4d54-be0f-9274d1abfcde,timestamp:1668978010
2022-11-20T13:00:10,074 - PredictionTime.Milliseconds:2.8|#ModelName:mnist,Level:Model|#hostname:MacStudio,requestID:7abd2862-deb0-430d-ab8c-65384bd584f9,timestamp:1668978010
2022-11-20T13:00:10,098 - PredictionTime.Milliseconds:2.89|#ModelName:mnist,Level:Model|#hostname:MacStudio,requestID:509e5196-fa27-439b-bd84-00c655fd5da8,timestamp:1668978010
2022-11-20T13:00:10,121 - PredictionTime.Milliseconds:2.45|#ModelName:mnist,Level:Model|#hostname:MacStudio,requestID:1704a4be-0760-4b4f-94da-4577d0ad9a75,timestamp:1668978010
2022-11-20T13:00:15,202 - PredictionTime.Milliseconds:2.88|#ModelName:mnist,Level:Model|#hostname:MacStudio,requestID:eee8abcc-cd34-42f9-81f6-e47f02117ef8,timestamp:1668978015
2022-11-20T13:00:15,230 - PredictionTime.Milliseconds:2.79|#ModelName:mnist,Level:Model|#hostname:MacStudio,requestID:ecd1743e-b5ba-4592-992a-cf16351f8ae7,timestamp:1668978015
2022-11-20T13:00:15,259 - PredictionTime.Milliseconds:2.38|#ModelName:mnist,Level:Model|#hostname:MacStudio,requestID:a8ed8f34-bd70-492f-a429-35ca2c0539d4,timestamp:1668978015
2022-11-20T13:00:15,284 - PredictionTime.Milliseconds:2.51|#ModelName:mnist,Level:Model|#hostname:MacStudio,requestID:88943084-cad1-4d18-ba9e-3ce26c2a4cf9,timestamp:1668978015
2022-11-20T13:00:15,306 - PredictionTime.Milliseconds:2.37|#ModelName:mnist,Level:Model|#hostname:MacStudio,requestID:0a262df3-393c-442e-8b4e-00fc6b84a072,timestamp:1668978015
2022-11-20T13:00:15,326 - PredictionTime.Milliseconds:2.52|#ModelName:mnist,Level:Model|#hostname:MacStudio,requestID:5aa15c10-b63a-4952-94a4-1c13a6cef368,timestamp:1668978015
2022-11-20T13:02:09,824 - PredictionTime.Milliseconds:5.86|#ModelName:mnist,Level:Model|#hostname:MacStudio,requestID:150aefd0-fc41-4629-b84c-b95271c08aaa,timestamp:1668978129
2022-11-20T13:02:09,856 - PredictionTime.Milliseconds:2.46|#ModelName:mnist,Level:Model|#hostname:MacStudio,requestID:1e826378-4a1e-459f-a4bc-036dad31da0b,timestamp:1668978129
2022-11-20T13:02:09,882 - PredictionTime.Milliseconds:3.03|#ModelName:mnist,Level:Model|#hostname:MacStudio,requestID:0ecabed0-2edb-4d1d-a4b1-5043d4551592,timestamp:1668978129
2022-11-20T13:02:09,904 - PredictionTime.Milliseconds:2.75|#ModelName:mnist,Level:Model|#hostname:MacStudio,requestID:fba85246-5a13-4ebf-ae73-78dc95113124,timestamp:1668978129
2022-11-20T13:02:09,925 - PredictionTime.Milliseconds:2.37|#ModelName:mnist,Level:Model|#hostname:MacStudio,requestID:86c42ff8-bce5-442f-8d29-c0540848f290,timestamp:1668978129
2022-11-20T13:02:09,949 - PredictionTime.Milliseconds:2.57|#ModelName:mnist,Level:Model|#hostname:MacStudio,requestID:22e1dae7-0628-40ca-9616-036418a48568,timestamp:1668978129
2022-11-20T13:02:16,124 - PredictionTime.Milliseconds:3.07|#ModelName:mnist,Level:Model|#hostname:MacStudio,requestID:52089558-e89e-4deb-8493-697e93969b85,timestamp:1668978136
2022-11-20T13:02:16,151 - PredictionTime.Milliseconds:3.57|#ModelName:mnist,Level:Model|#hostname:MacStudio,requestID:805a76d0-6567-4122-8776-e559b8c34b6b,timestamp:1668978136
2022-11-20T13:02:16,174 - PredictionTime.Milliseconds:2.75|#ModelName:mnist,Level:Model|#hostname:MacStudio,requestID:de7e00ca-5652-4a8b-a430-785776b4404a,timestamp:1668978136
2022-11-20T13:02:16,200 - PredictionTime.Milliseconds:2.57|#ModelName:mnist,Level:Model|#hostname:MacStudio,requestID:7d5e7cac-b7dc-465a-9bd2-a39f8e7b061f,timestamp:1668978136
2022-11-20T13:02:16,223 - PredictionTime.Milliseconds:3.12|#ModelName:mnist,Level:Model|#hostname:MacStudio,requestID:64070de3-cef8-4460-a7fc-ac5b7ef2af78,timestamp:1668978136
2022-11-20T13:02:16,247 - PredictionTime.Milliseconds:2.48|#ModelName:mnist,Level:Model|#hostname:MacStudio,requestID:c09fd0d8-64f6-4452-aa99-10146cd25bd8,timestamp:1668978136
2022-11-20T13:02:30,793 - PredictionTime.Milliseconds:2.2|#ModelName:mnist,Level:Model|#hostname:MacStudio,requestID:2984f9fb-d1d5-4111-a9a6-69262bee566d,timestamp:1668978150
2022-11-20T13:02:30,818 - PredictionTime.Milliseconds:3.07|#ModelName:mnist,Level:Model|#hostname:MacStudio,requestID:1582fab8-eb76-4b0d-96b2-b13d882c8a16,timestamp:1668978150
2022-11-20T13:02:30,840 - PredictionTime.Milliseconds:2.31|#ModelName:mnist,Level:Model|#hostname:MacStudio,requestID:a88d26ed-2c3e-4f26-803f-8cd05ec1d0de,timestamp:1668978150
2022-11-20T13:02:30,864 - PredictionTime.Milliseconds:2.95|#ModelName:mnist,Level:Model|#hostname:MacStudio,requestID:ca8a1015-ebb0-4447-8abb-69d55fb0ba55,timestamp:1668978150
2022-11-20T13:02:30,889 - PredictionTime.Milliseconds:2.94|#ModelName:mnist,Level:Model|#hostname:MacStudio,requestID:f938219a-c85c-4b37-9d95-3c8d0da202ce,timestamp:1668978150
2022-11-20T13:02:30,909 - PredictionTime.Milliseconds:2.42|#ModelName:mnist,Level:Model|#hostname:MacStudio,requestID:822ca03a-40a1-49c3-99f2-d87a27bc86d3,timestamp:1668978150
2022-11-20T13:04:28,372 - PredictionTime.Milliseconds:11.08|#ModelName:mnist,Level:Model|#hostname:MacStudio,requestID:c55b32aa-4e57-4cf8-950f-a7c26e83902a,timestamp:1668978268
2022-11-20T13:04:28,407 - PredictionTime.Milliseconds:6.69|#ModelName:mnist,Level:Model|#hostname:MacStudio,requestID:41f16083-6ea5-48c8-a99f-3c07b4bc5f65,timestamp:1668978268
2022-11-20T13:04:28,432 - PredictionTime.Milliseconds:2.47|#ModelName:mnist,Level:Model|#hostname:MacStudio,requestID:7278d4ea-1f95-4765-8b6b-f06413b2bf29,timestamp:1668978268
2022-11-20T13:04:28,469 - PredictionTime.Milliseconds:1.86|#ModelName:mnist,Level:Model|#hostname:MacStudio,requestID:1944c532-60ec-4743-bf82-0a50c8e508d9,timestamp:1668978268
2022-11-20T13:04:28,491 - PredictionTime.Milliseconds:2.7|#ModelName:mnist,Level:Model|#hostname:MacStudio,requestID:08e750d8-ae88-462d-9c5e-49d3220a81b6,timestamp:1668978268
2022-11-20T13:04:28,516 - PredictionTime.Milliseconds:2.79|#ModelName:mnist,Level:Model|#hostname:MacStudio,requestID:605dec4b-cb1c-4595-bbae-0689943c5d71,timestamp:1668978268
2022-11-20T13:05:16,062 - PredictionTime.Milliseconds:5.81|#ModelName:mnist,Level:Model|#hostname:MacStudio,requestID:15b76510-70a5-4881-9034-1ada56958afb,timestamp:1668978316
2022-11-20T13:05:16,090 - PredictionTime.Milliseconds:4.42|#ModelName:mnist,Level:Model|#hostname:MacStudio,requestID:7950415a-3d3e-4ddc-981e-df9ba7e14ef4,timestamp:1668978316
2022-11-20T13:05:16,114 - PredictionTime.Milliseconds:2.82|#ModelName:mnist,Level:Model|#hostname:MacStudio,requestID:4e304295-f846-4a75-bcfd-d4a45220ef74,timestamp:1668978316
2022-11-20T13:05:16,139 - PredictionTime.Milliseconds:2.84|#ModelName:mnist,Level:Model|#hostname:MacStudio,requestID:38b91fc4-14ad-4ff9-a012-8dd25a4c7796,timestamp:1668978316
2022-11-20T13:05:16,161 - PredictionTime.Milliseconds:3.78|#ModelName:mnist,Level:Model|#hostname:MacStudio,requestID:0ca31e0e-f239-4f33-9858-44963222b2b6,timestamp:1668978316
2022-11-20T13:05:16,184 - PredictionTime.Milliseconds:2.83|#ModelName:mnist,Level:Model|#hostname:MacStudio,requestID:af670656-c9a9-45e7-a9ff-0308a8a4984d,timestamp:1668978316
2022-11-20T13:05:23,801 - PredictionTime.Milliseconds:5.06|#ModelName:mnist,Level:Model|#hostname:MacStudio,requestID:e2d17e3a-df82-4a01-b6c7-b684baec1c41,timestamp:1668978323
2022-11-20T13:05:23,841 - PredictionTime.Milliseconds:4.35|#ModelName:mnist,Level:Model|#hostname:MacStudio,requestID:421cce6d-8570-4610-b2e7-e9b45399ad27,timestamp:1668978323
2022-11-20T13:05:23,882 - PredictionTime.Milliseconds:8.03|#ModelName:mnist,Level:Model|#hostname:MacStudio,requestID:ae201701-50a5-4a29-99a2-6eb7713344a2,timestamp:1668978323
2022-11-20T13:05:23,918 - PredictionTime.Milliseconds:4.75|#ModelName:mnist,Level:Model|#hostname:MacStudio,requestID:7f5edb00-0cec-4bbf-a7dd-971a514c7e46,timestamp:1668978323
2022-11-20T13:05:23,947 - PredictionTime.Milliseconds:6.19|#ModelName:mnist,Level:Model|#hostname:MacStudio,requestID:dc4f49cc-670c-4140-8db1-1ab976d0ca21,timestamp:1668978323
2022-11-20T13:05:23,970 - PredictionTime.Milliseconds:3.84|#ModelName:mnist,Level:Model|#hostname:MacStudio,requestID:e425e13e-6b7d-4bb7-87b9-3a16b428a22c,timestamp:1668978323
2022-11-20T13:05:29,695 - PredictionTime.Milliseconds:4.61|#ModelName:mnist,Level:Model|#hostname:MacStudio,requestID:35b1c6e5-c90e-4898-90c3-e790729b76a8,timestamp:1668978329
2022-11-20T13:05:29,725 - PredictionTime.Milliseconds:6.01|#ModelName:mnist,Level:Model|#hostname:MacStudio,requestID:d3c08b29-baad-4209-b4c5-fc545e41c814,timestamp:1668978329
2022-11-20T13:05:29,753 - PredictionTime.Milliseconds:6.72|#ModelName:mnist,Level:Model|#hostname:MacStudio,requestID:a28b1cbc-4f3d-4944-a798-332bb857c1e4,timestamp:1668978329
2022-11-20T13:05:29,783 - PredictionTime.Milliseconds:5.89|#ModelName:mnist,Level:Model|#hostname:MacStudio,requestID:36b255b6-9265-4c91-924d-457fc10e3a05,timestamp:1668978329
2022-11-20T13:05:29,805 - PredictionTime.Milliseconds:3.25|#ModelName:mnist,Level:Model|#hostname:MacStudio,requestID:e1b396c6-0a28-4f98-991d-53422d1ca286,timestamp:1668978329
2022-11-20T13:05:29,830 - PredictionTime.Milliseconds:5.34|#ModelName:mnist,Level:Model|#hostname:MacStudio,requestID:9a38e05d-11c1-4d97-a0b9-6e36c0eb4ae0,timestamp:1668978329
2022-11-20T13:06:19,924 - PredictionTime.Milliseconds:2.75|#ModelName:mnist,Level:Model|#hostname:MacStudio,requestID:b72bfca5-92d8-4c2f-9bce-538c02cb27ae,timestamp:1668978379
2022-11-20T13:06:19,960 - PredictionTime.Milliseconds:3.38|#ModelName:mnist,Level:Model|#hostname:MacStudio,requestID:85ba2a61-c0bc-4463-a754-893d5a11d85a,timestamp:1668978379
2022-11-20T13:06:19,996 - PredictionTime.Milliseconds:2.63|#ModelName:mnist,Level:Model|#hostname:MacStudio,requestID:a78924af-1eda-4106-b74f-371be1259f6d,timestamp:1668978379
2022-11-20T13:06:23,557 - PredictionTime.Milliseconds:2.41|#ModelName:mnist,Level:Model|#hostname:MacStudio,requestID:8c029986-17f0-4b81-b737-989b0429fcde,timestamp:1668978383
2022-11-20T13:06:23,591 - PredictionTime.Milliseconds:2.56|#ModelName:mnist,Level:Model|#hostname:MacStudio,requestID:308dd3e1-967b-499a-8c02-58bf371dcaf0,timestamp:1668978383
2022-11-20T13:06:23,626 - PredictionTime.Milliseconds:2.72|#ModelName:mnist,Level:Model|#hostname:MacStudio,requestID:99a95ea8-2dde-431c-a8f3-b131825aacff,timestamp:1668978383
2022-11-20T13:06:33,047 - PredictionTime.Milliseconds:4.21|#ModelName:mnist,Level:Model|#hostname:MacStudio,requestID:e77e274d-fb3a-494f-9f87-c5ca2f8878ad,timestamp:1668978393
2022-11-20T13:06:33,096 - PredictionTime.Milliseconds:9.14|#ModelName:mnist,Level:Model|#hostname:MacStudio,requestID:f52b8f41-5995-4424-a391-094d05a77aae,timestamp:1668978393
2022-11-20T13:06:33,137 - PredictionTime.Milliseconds:2.7|#ModelName:mnist,Level:Model|#hostname:MacStudio,requestID:f8fd5516-9f01-46a8-9b40-f57ea25ba5bc,timestamp:1668978393
2022-11-20T13:06:36,881 - PredictionTime.Milliseconds:4.99|#ModelName:mnist,Level:Model|#hostname:MacStudio,requestID:7ebc315a-af6c-412e-a8e8-e8384b1f82fd,timestamp:1668978396
2022-11-20T13:06:36,920 - PredictionTime.Milliseconds:2.92|#ModelName:mnist,Level:Model|#hostname:MacStudio,requestID:d73e7315-ec62-4e2e-909e-d1cb462028a3,timestamp:1668978396
2022-11-20T13:06:36,955 - PredictionTime.Milliseconds:2.34|#ModelName:mnist,Level:Model|#hostname:MacStudio,requestID:60a850ad-793e-44f0-a65b-7b516949e23a,timestamp:1668978396
2022-11-20T13:07:14,840 - PredictionTime.Milliseconds:4.5|#ModelName:mnist,Level:Model|#hostname:MacStudio,requestID:faf964d4-e84e-42ac-a1a7-4caaad7cbffb,timestamp:1668978434
2022-11-20T13:07:14,890 - PredictionTime.Milliseconds:5.68|#ModelName:mnist,Level:Model|#hostname:MacStudio,requestID:97a74af0-3f3b-4a16-bfcc-de2c88586090,timestamp:1668978434
2022-11-20T13:07:14,946 - PredictionTime.Milliseconds:6.29|#ModelName:mnist,Level:Model|#hostname:MacStudio,requestID:546dde8f-034a-4672-99b7-34fe83cb165e,timestamp:1668978434
2022-11-20T13:07:14,975 - PredictionTime.Milliseconds:2.88|#ModelName:mnist,Level:Model|#hostname:MacStudio,requestID:fa99d348-685a-4cd9-9dbc-d4287c889e09,timestamp:1668978434
2022-11-20T13:07:14,997 - PredictionTime.Milliseconds:2.52|#ModelName:mnist,Level:Model|#hostname:MacStudio,requestID:29101438-b34a-4e3c-be61-64ff49adf191,timestamp:1668978434
2022-11-20T13:07:15,022 - PredictionTime.Milliseconds:2.43|#ModelName:mnist,Level:Model|#hostname:MacStudio,requestID:b50197c7-18b7-41c1-a835-5adb1aa032a6,timestamp:1668978435
2022-11-20T13:07:23,663 - PredictionTime.Milliseconds:2.61|#ModelName:mnist,Level:Model|#hostname:MacStudio,requestID:c0e1ecd1-c6f9-4227-b0af-bd40d86c0c7c,timestamp:1668978443
2022-11-20T13:07:23,686 - PredictionTime.Milliseconds:4.16|#ModelName:mnist,Level:Model|#hostname:MacStudio,requestID:7e7a0554-86fa-4220-bb29-3b52dae522f0,timestamp:1668978443
2022-11-20T13:07:23,711 - PredictionTime.Milliseconds:4.44|#ModelName:mnist,Level:Model|#hostname:MacStudio,requestID:dfcb44a0-8519-468e-8ea9-ed32f6ff1c88,timestamp:1668978443
2022-11-20T13:07:23,734 - PredictionTime.Milliseconds:2.67|#ModelName:mnist,Level:Model|#hostname:MacStudio,requestID:9fd83089-07b4-49a9-8bf8-8e85dfd58fab,timestamp:1668978443
2022-11-20T13:07:23,764 - PredictionTime.Milliseconds:5.24|#ModelName:mnist,Level:Model|#hostname:MacStudio,requestID:489e13ce-15a9-45a4-9659-374f26f476bf,timestamp:1668978443
2022-11-20T13:07:23,787 - PredictionTime.Milliseconds:2.22|#ModelName:mnist,Level:Model|#hostname:MacStudio,requestID:d6da7fdd-5c6e-468d-a237-301aa08c2198,timestamp:1668978443
2022-11-20T13:11:10,905 - PredictionTime.Milliseconds:5.5|#ModelName:mnist,Level:Model|#hostname:MacStudio,requestID:92f4f272-847e-42df-81ae-273fbdfc14c8,timestamp:1668978670
2022-11-20T13:11:10,937 - PredictionTime.Milliseconds:3.54|#ModelName:mnist,Level:Model|#hostname:MacStudio,requestID:482b7cc2-6a76-43d5-b3ac-6c94fc211546,timestamp:1668978670
2022-11-20T13:11:10,979 - PredictionTime.Milliseconds:7.72|#ModelName:mnist,Level:Model|#hostname:MacStudio,requestID:c43dc725-ba1c-4a50-854b-d95feaa6ef50,timestamp:1668978670
2022-11-20T13:11:11,016 - PredictionTime.Milliseconds:2.26|#ModelName:mnist,Level:Model|#hostname:MacStudio,requestID:f7332def-566f-4bd4-80f0-9680f65c5a40,timestamp:1668978671
2022-11-20T13:11:11,038 - PredictionTime.Milliseconds:1.61|#ModelName:mnist,Level:Model|#hostname:MacStudio,requestID:f3834867-0189-46b9-b5d2-7fe31193469b,timestamp:1668978671
2022-11-20T13:11:11,062 - PredictionTime.Milliseconds:3.88|#ModelName:mnist,Level:Model|#hostname:MacStudio,requestID:d239f53a-fbf9-403b-a850-9cdaced231cd,timestamp:1668978671
2022-11-20T13:11:18,374 - PredictionTime.Milliseconds:6.53|#ModelName:mnist,Level:Model|#hostname:MacStudio,requestID:ef7f83d3-6d79-42c4-85ab-d46e8e196481,timestamp:1668978678
2022-11-20T13:11:18,436 - PredictionTime.Milliseconds:5.52|#ModelName:mnist,Level:Model|#hostname:MacStudio,requestID:083c0255-be9b-4c78-b397-c0c1a1f6c0e3,timestamp:1668978678
2022-11-20T13:11:18,480 - PredictionTime.Milliseconds:5.47|#ModelName:mnist,Level:Model|#hostname:MacStudio,requestID:1e617a07-32ae-4404-bedf-c855ec884332,timestamp:1668978678
2022-11-20T13:11:18,506 - PredictionTime.Milliseconds:2.91|#ModelName:mnist,Level:Model|#hostname:MacStudio,requestID:e763ca93-ea4e-40e9-b676-087573de3fdd,timestamp:1668978678
2022-11-20T13:11:18,533 - PredictionTime.Milliseconds:3.5|#ModelName:mnist,Level:Model|#hostname:MacStudio,requestID:58d66c5d-43ac-4325-ab40-d315fb456953,timestamp:1668978678
2022-11-20T13:11:18,556 - PredictionTime.Milliseconds:3.63|#ModelName:mnist,Level:Model|#hostname:MacStudio,requestID:ce588851-0e75-4d87-be2e-1d8337bb675d,timestamp:1668978678
2022-11-20T13:12:09,226 - PredictionTime.Milliseconds:5.82|#ModelName:mnist,Level:Model|#hostname:MacStudio,requestID:2f0dd541-aaf0-4725-a2c2-32d9689215ed,timestamp:1668978729
2022-11-20T13:12:09,261 - PredictionTime.Milliseconds:4.93|#ModelName:mnist,Level:Model|#hostname:MacStudio,requestID:7d3cdddb-56ba-46a3-88fb-5f10f614c27f,timestamp:1668978729
2022-11-20T13:12:09,288 - PredictionTime.Milliseconds:2.36|#ModelName:mnist,Level:Model|#hostname:MacStudio,requestID:6b34ad84-fe1d-4d61-9a65-2924f2e4ee12,timestamp:1668978729
2022-11-20T13:12:09,316 - PredictionTime.Milliseconds:2.99|#ModelName:mnist,Level:Model|#hostname:MacStudio,requestID:e85e5f40-8358-41b2-a183-22b8c388a18b,timestamp:1668978729
2022-11-20T13:12:09,341 - PredictionTime.Milliseconds:2.77|#ModelName:mnist,Level:Model|#hostname:MacStudio,requestID:c0f2e9a4-4273-4c79-8006-80e3fd39c005,timestamp:1668978729
2022-11-20T13:12:09,363 - PredictionTime.Milliseconds:2.92|#ModelName:mnist,Level:Model|#hostname:MacStudio,requestID:539d6d86-efc4-4939-b593-348eb873a041,timestamp:1668978729
2022-11-20T13:12:14,406 - PredictionTime.Milliseconds:2.19|#ModelName:mnist,Level:Model|#hostname:MacStudio,requestID:6768e66d-a6cf-4c30-aec8-7552975965ed,timestamp:1668978734
2022-11-20T13:12:14,427 - PredictionTime.Milliseconds:1.38|#ModelName:mnist,Level:Model|#hostname:MacStudio,requestID:68c3fa15-e1b4-4b65-a976-daeef7a03a63,timestamp:1668978734
2022-11-20T13:12:14,446 - PredictionTime.Milliseconds:1.57|#ModelName:mnist,Level:Model|#hostname:MacStudio,requestID:184a2b89-9d43-41e0-9e2e-2d947096950e,timestamp:1668978734
2022-11-20T13:12:14,465 - PredictionTime.Milliseconds:1.67|#ModelName:mnist,Level:Model|#hostname:MacStudio,requestID:b7fc7f0b-024b-43a2-af01-ba4de49e8c12,timestamp:1668978734
2022-11-20T13:12:14,484 - PredictionTime.Milliseconds:1.81|#ModelName:mnist,Level:Model|#hostname:MacStudio,requestID:128e3886-9c38-43b6-bd04-4870937cbd08,timestamp:1668978734
2022-11-20T13:12:14,505 - PredictionTime.Milliseconds:1.35|#ModelName:mnist,Level:Model|#hostname:MacStudio,requestID:4ee9b817-3350-4446-9a88-d9e66146fda5,timestamp:1668978734
2022-11-20T13:13:45,448 - PredictionTime.Milliseconds:8.64|#ModelName:mnist,Level:Model|#hostname:MacStudio,requestID:fb757afa-94f0-4ffa-89bc-1ff527c37d13,timestamp:1668978825
2022-11-20T13:13:45,496 - PredictionTime.Milliseconds:4.31|#ModelName:mnist,Level:Model|#hostname:MacStudio,requestID:c03ab701-d97e-4f09-a582-a02d84f00e7b,timestamp:1668978825
2022-11-20T13:13:45,525 - PredictionTime.Milliseconds:3.77|#ModelName:mnist,Level:Model|#hostname:MacStudio,requestID:f2411ae5-b17c-4409-8d35-3795f84f1627,timestamp:1668978825
2022-11-20T13:13:45,556 - PredictionTime.Milliseconds:2.33|#ModelName:mnist,Level:Model|#hostname:MacStudio,requestID:cd683735-23b2-4113-ae12-973d368bc77d,timestamp:1668978825
2022-11-20T13:13:45,582 - PredictionTime.Milliseconds:2.93|#ModelName:mnist,Level:Model|#hostname:MacStudio,requestID:6409add4-d5b9-4d12-bfbe-1b520252d1da,timestamp:1668978825
2022-11-20T13:13:45,605 - PredictionTime.Milliseconds:3.04|#ModelName:mnist,Level:Model|#hostname:MacStudio,requestID:d45cd1a2-15bc-4a46-82f5-47b7428c0f2b,timestamp:1668978825
2022-11-20T13:14:40,143 - PredictionTime.Milliseconds:5.67|#ModelName:mnist,Level:Model|#hostname:MacStudio,requestID:0682a867-6192-4e13-93bb-134811badbdc,timestamp:1668978880
2022-11-20T13:14:40,186 - PredictionTime.Milliseconds:11.48|#ModelName:mnist,Level:Model|#hostname:MacStudio,requestID:ed74954a-8bfd-46ed-8fc0-07df249a3649,timestamp:1668978880
2022-11-20T13:14:40,219 - PredictionTime.Milliseconds:1.98|#ModelName:mnist,Level:Model|#hostname:MacStudio,requestID:8b707da1-9080-4a07-b9e1-b49ed12c95ec,timestamp:1668978880
2022-11-20T13:14:40,240 - PredictionTime.Milliseconds:1.47|#ModelName:mnist,Level:Model|#hostname:MacStudio,requestID:6d1eb684-e1ce-4b4f-889d-89ead23230aa,timestamp:1668978880
2022-11-20T13:14:40,260 - PredictionTime.Milliseconds:1.59|#ModelName:mnist,Level:Model|#hostname:MacStudio,requestID:5f84cf10-9393-4a51-abe0-700155dfdde4,timestamp:1668978880
2022-11-20T13:14:40,277 - PredictionTime.Milliseconds:1.42|#ModelName:mnist,Level:Model|#hostname:MacStudio,requestID:61beff1a-b212-43bf-92e0-db3417b39e3a,timestamp:1668978880
2022-11-20T13:16:25,763 - PredictionTime.Milliseconds:6.97|#ModelName:mnist,Level:Model|#hostname:MacStudio,requestID:a4296c2a-6e3a-4852-bfc8-6d914c7c0459,timestamp:1668978985
2022-11-20T13:16:25,801 - PredictionTime.Milliseconds:3.06|#ModelName:mnist,Level:Model|#hostname:MacStudio,requestID:771ccf01-d68b-4a45-9c9f-2fc729d721e8,timestamp:1668978985
2022-11-20T13:16:25,819 - PredictionTime.Milliseconds:1.35|#ModelName:mnist,Level:Model|#hostname:MacStudio,requestID:43060662-2713-4bff-97fb-cf727c010dd1,timestamp:1668978985
2022-11-20T13:16:25,840 - PredictionTime.Milliseconds:2.1|#ModelName:mnist,Level:Model|#hostname:MacStudio,requestID:93f6f000-f81e-4b4d-a29d-1e5a58bb9bca,timestamp:1668978985
2022-11-20T13:16:25,866 - PredictionTime.Milliseconds:2.45|#ModelName:mnist,Level:Model|#hostname:MacStudio,requestID:5d54401e-aeb9-44a5-9b1f-d299a785524a,timestamp:1668978985
2022-11-20T13:16:25,889 - PredictionTime.Milliseconds:3.09|#ModelName:mnist,Level:Model|#hostname:MacStudio,requestID:804a5bdc-6050-426a-ab45-aef9e3d091fa,timestamp:1668978985
2022-11-20T13:18:08,877 - PredictionTime.Milliseconds:6.45|#ModelName:mnist,Level:Model|#hostname:MacStudio,requestID:29fb7b7a-f22b-4f6a-aa03-225f0fff2eda,timestamp:1668979088
2022-11-20T13:18:08,913 - PredictionTime.Milliseconds:2.62|#ModelName:mnist,Level:Model|#hostname:MacStudio,requestID:4abc6e9e-73b3-4fce-a6d4-ccfc3aa39b8d,timestamp:1668979088
2022-11-20T13:18:08,939 - PredictionTime.Milliseconds:4.21|#ModelName:mnist,Level:Model|#hostname:MacStudio,requestID:19075dc9-ff7d-49af-a09b-7aa51ba6679c,timestamp:1668979088
2022-11-20T13:18:08,968 - PredictionTime.Milliseconds:2.3|#ModelName:mnist,Level:Model|#hostname:MacStudio,requestID:6712a1ce-de9d-40e2-938a-0c5deb90c714,timestamp:1668979088
2022-11-20T13:18:08,991 - PredictionTime.Milliseconds:2.61|#ModelName:mnist,Level:Model|#hostname:MacStudio,requestID:29afe104-d256-42b1-b734-4ed289e64bab,timestamp:1668979088
2022-11-20T13:18:09,023 - PredictionTime.Milliseconds:3.59|#ModelName:mnist,Level:Model|#hostname:MacStudio,requestID:cce74639-3001-43eb-a7d4-100ed3980f4f,timestamp:1668979089
2022-11-20T13:18:49,048 - PredictionTime.Milliseconds:7.39|#ModelName:mnist,Level:Model|#hostname:MacStudio,requestID:8e61ae90-f658-418a-9899-b24d90cc3c1a,timestamp:1668979129
2022-11-20T13:18:49,084 - PredictionTime.Milliseconds:2.61|#ModelName:mnist,Level:Model|#hostname:MacStudio,requestID:17f60938-ef2f-462a-a842-659948eea284,timestamp:1668979129
2022-11-20T13:18:49,111 - PredictionTime.Milliseconds:1.68|#ModelName:mnist,Level:Model|#hostname:MacStudio,requestID:73127fbf-7096-48ce-bd7f-288c91221905,timestamp:1668979129
2022-11-20T13:18:49,140 - PredictionTime.Milliseconds:7.48|#ModelName:mnist,Level:Model|#hostname:MacStudio,requestID:f121d7bd-1b13-4d2d-aa6e-6bba7022182b,timestamp:1668979129
2022-11-20T13:18:49,165 - PredictionTime.Milliseconds:3.65|#ModelName:mnist,Level:Model|#hostname:MacStudio,requestID:8d639ff4-33bd-4621-9564-a0647a42070a,timestamp:1668979129
2022-11-20T13:18:49,188 - PredictionTime.Milliseconds:3.17|#ModelName:mnist,Level:Model|#hostname:MacStudio,requestID:c0f1dfec-6a66-4fef-80e4-44254fef42b7,timestamp:1668979129
2022-11-20T13:19:13,253 - PredictionTime.Milliseconds:2.19|#ModelName:mnist,Level:Model|#hostname:MacStudio,requestID:02b3d20f-5738-4131-a986-3395e2a44d25,timestamp:1668979153
2022-11-20T13:19:13,281 - PredictionTime.Milliseconds:6.0|#ModelName:mnist,Level:Model|#hostname:MacStudio,requestID:0cf1499e-6274-4270-9440-27c3b6d03331,timestamp:1668979153
2022-11-20T13:19:13,304 - PredictionTime.Milliseconds:2.5|#ModelName:mnist,Level:Model|#hostname:MacStudio,requestID:fe560f1d-d689-4bdc-a448-bfec8e5e1add,timestamp:1668979153
2022-11-20T13:19:13,334 - PredictionTime.Milliseconds:2.97|#ModelName:mnist,Level:Model|#hostname:MacStudio,requestID:00cc2eec-74a3-48b2-88c7-c1111b9d782d,timestamp:1668979153
2022-11-20T13:19:13,365 - PredictionTime.Milliseconds:6.13|#ModelName:mnist,Level:Model|#hostname:MacStudio,requestID:0c8540af-880e-4178-a333-a2fb9bcfce91,timestamp:1668979153
2022-11-20T13:19:13,389 - PredictionTime.Milliseconds:2.89|#ModelName:mnist,Level:Model|#hostname:MacStudio,requestID:7d20d2e6-ed2c-41e1-87ca-5b89da116ded,timestamp:1668979153
2022-11-20T13:19:18,038 - PredictionTime.Milliseconds:3.44|#ModelName:mnist,Level:Model|#hostname:MacStudio,requestID:daa560ec-8113-4ac7-8bf1-a4d7490a9ff8,timestamp:1668979158
2022-11-20T13:19:18,070 - PredictionTime.Milliseconds:2.39|#ModelName:mnist,Level:Model|#hostname:MacStudio,requestID:fccc22be-cc51-40e1-a9e6-8f8929b85013,timestamp:1668979158
2022-11-20T13:19:18,098 - PredictionTime.Milliseconds:4.61|#ModelName:mnist,Level:Model|#hostname:MacStudio,requestID:7ab7e61f-0d92-4e85-840f-3b981efdbc39,timestamp:1668979158
2022-11-20T13:19:18,123 - PredictionTime.Milliseconds:4.49|#ModelName:mnist,Level:Model|#hostname:MacStudio,requestID:3a6c215c-b176-464a-9a6a-378f2cd2a7c1,timestamp:1668979158
2022-11-20T13:19:18,151 - PredictionTime.Milliseconds:2.17|#ModelName:mnist,Level:Model|#hostname:MacStudio,requestID:b9abf8ac-90bb-4090-be91-9e471bd1e0ed,timestamp:1668979158
2022-11-20T13:19:18,173 - PredictionTime.Milliseconds:2.25|#ModelName:mnist,Level:Model|#hostname:MacStudio,requestID:4bbf9d80-eca3-408d-9c7a-4748a5895bc1,timestamp:1668979158
2022-11-20T13:19:43,896 - PredictionTime.Milliseconds:7.21|#ModelName:mnist,Level:Model|#hostname:MacStudio,requestID:0fc4c3f4-c8e1-4a9c-abe8-231fcea4f87a,timestamp:1668979183
2022-11-20T13:19:43,921 - PredictionTime.Milliseconds:2.91|#ModelName:mnist,Level:Model|#hostname:MacStudio,requestID:f883dc91-54ba-404b-b7d8-48d74e134e21,timestamp:1668979183
2022-11-20T13:19:43,949 - PredictionTime.Milliseconds:5.89|#ModelName:mnist,Level:Model|#hostname:MacStudio,requestID:a60df850-b240-4137-9135-8f71a09b33e0,timestamp:1668979183
2022-11-20T13:19:43,973 - PredictionTime.Milliseconds:2.88|#ModelName:mnist,Level:Model|#hostname:MacStudio,requestID:03b0ad18-22ee-4c42-8d8b-c575840f0f9e,timestamp:1668979183
2022-11-20T13:19:44,001 - PredictionTime.Milliseconds:2.91|#ModelName:mnist,Level:Model|#hostname:MacStudio,requestID:020b96a6-7848-43da-bdb6-e02df04d2d42,timestamp:1668979184
2022-11-20T13:19:44,029 - PredictionTime.Milliseconds:1.78|#ModelName:mnist,Level:Model|#hostname:MacStudio,requestID:a8b01009-a109-4bb0-b0d0-fae27ec71ab7,timestamp:1668979184
2022-11-20T13:19:57,493 - PredictionTime.Milliseconds:7.56|#ModelName:mnist,Level:Model|#hostname:MacStudio,requestID:a0890ebc-7833-4850-9acf-158f889dd3d7,timestamp:1668979197
2022-11-20T13:19:57,531 - PredictionTime.Milliseconds:3.98|#ModelName:mnist,Level:Model|#hostname:MacStudio,requestID:d48baf9e-fd28-49ae-ac89-d8390e1c8f21,timestamp:1668979197
2022-11-20T13:19:57,557 - PredictionTime.Milliseconds:3.31|#ModelName:mnist,Level:Model|#hostname:MacStudio,requestID:de39de4a-a721-4702-bb39-bd41a39bf63d,timestamp:1668979197
2022-11-20T13:19:57,583 - PredictionTime.Milliseconds:2.83|#ModelName:mnist,Level:Model|#hostname:MacStudio,requestID:117e300b-229f-472b-a727-6dd8a73b0dcf,timestamp:1668979197
2022-11-20T13:19:57,606 - PredictionTime.Milliseconds:3.49|#ModelName:mnist,Level:Model|#hostname:MacStudio,requestID:24a6e5e6-65d7-4aa4-9835-be480c0fcceb,timestamp:1668979197
2022-11-20T13:19:57,628 - PredictionTime.Milliseconds:4.37|#ModelName:mnist,Level:Model|#hostname:MacStudio,requestID:e0d21274-55eb-4da9-a068-f40924c31be9,timestamp:1668979197
2022-11-20T13:20:45,312 - PredictionTime.Milliseconds:8.55|#ModelName:mnist,Level:Model|#hostname:MacStudio,requestID:d68d4482-7d0c-4516-acf1-27998efd11d0,timestamp:1668979245
2022-11-20T13:20:45,349 - PredictionTime.Milliseconds:2.98|#ModelName:mnist,Level:Model|#hostname:MacStudio,requestID:3c91d711-6c47-4093-8ec8-55ca6becac91,timestamp:1668979245
2022-11-20T13:20:45,371 - PredictionTime.Milliseconds:1.46|#ModelName:mnist,Level:Model|#hostname:MacStudio,requestID:e6861e95-56b2-47fd-aa92-001af2d33bce,timestamp:1668979245
2022-11-20T13:20:45,391 - PredictionTime.Milliseconds:1.44|#ModelName:mnist,Level:Model|#hostname:MacStudio,requestID:dffe47bd-95ee-438f-88e2-f4505dbf7778,timestamp:1668979245
2022-11-20T13:20:45,414 - PredictionTime.Milliseconds:1.49|#ModelName:mnist,Level:Model|#hostname:MacStudio,requestID:3a7692b9-c9e3-47ed-abed-d9414d06c696,timestamp:1668979245
2022-11-20T13:20:45,435 - PredictionTime.Milliseconds:1.59|#ModelName:mnist,Level:Model|#hostname:MacStudio,requestID:a95ea049-d93f-4232-a4b5-7d4dfb79ba39,timestamp:1668979245
2022-11-20T13:21:12,515 - PredictionTime.Milliseconds:3.22|#ModelName:mnist,Level:Model|#hostname:MacStudio,requestID:8bdaec9f-0122-44dd-9b5d-a186d1fb6cb7,timestamp:1668979272
2022-11-20T13:21:12,539 - PredictionTime.Milliseconds:2.28|#ModelName:mnist,Level:Model|#hostname:MacStudio,requestID:57c711c6-0665-454e-a974-30b13978199f,timestamp:1668979272
2022-11-20T13:21:12,566 - PredictionTime.Milliseconds:4.11|#ModelName:mnist,Level:Model|#hostname:MacStudio,requestID:eed7740e-62b3-4651-8881-c72f926e8441,timestamp:1668979272
2022-11-20T13:21:12,594 - PredictionTime.Milliseconds:6.55|#ModelName:mnist,Level:Model|#hostname:MacStudio,requestID:e8c68eac-ab20-46dc-9460-60391d99517f,timestamp:1668979272
2022-11-20T13:21:12,624 - PredictionTime.Milliseconds:4.32|#ModelName:mnist,Level:Model|#hostname:MacStudio,requestID:379a4109-a376-4bfb-903f-5f151cf34bed,timestamp:1668979272
2022-11-20T13:21:12,647 - PredictionTime.Milliseconds:2.87|#ModelName:mnist,Level:Model|#hostname:MacStudio,requestID:eaa6f16b-7d7a-46a9-ba42-ba14401f0363,timestamp:1668979272
2022-11-20T13:21:49,435 - PredictionTime.Milliseconds:2.6|#ModelName:mnist,Level:Model|#hostname:MacStudio,requestID:3f16bef5-a29e-4a7d-9bc6-1fc41a0ce281,timestamp:1668979309
2022-11-20T13:21:49,455 - PredictionTime.Milliseconds:2.67|#ModelName:mnist,Level:Model|#hostname:MacStudio,requestID:1260a4db-b303-4d28-805c-867754525537,timestamp:1668979309
2022-11-20T13:21:49,485 - PredictionTime.Milliseconds:1.55|#ModelName:mnist,Level:Model|#hostname:MacStudio,requestID:09dc3c7b-8de6-4f57-bea5-96e66b6ac78c,timestamp:1668979309
2022-11-20T13:21:49,506 - PredictionTime.Milliseconds:2.31|#ModelName:mnist,Level:Model|#hostname:MacStudio,requestID:467f2cf5-0cb2-4241-9631-0555abb9d166,timestamp:1668979309
2022-11-20T13:21:49,546 - PredictionTime.Milliseconds:5.46|#ModelName:mnist,Level:Model|#hostname:MacStudio,requestID:2c3c9266-6a0d-42ba-8767-532d640481e3,timestamp:1668979309
2022-11-20T13:21:49,569 - PredictionTime.Milliseconds:2.42|#ModelName:mnist,Level:Model|#hostname:MacStudio,requestID:99b507b3-63e4-41f6-8186-041e2832a52e,timestamp:1668979309
2022-11-20T13:22:39,548 - PredictionTime.Milliseconds:2.83|#ModelName:mnist,Level:Model|#hostname:MacStudio,requestID:7fdfa67c-84ac-4327-9742-9a77f3bba2c7,timestamp:1668979359
2022-11-20T13:22:39,569 - PredictionTime.Milliseconds:2.3|#ModelName:mnist,Level:Model|#hostname:MacStudio,requestID:16aae89c-726e-49c7-9d6b-8a96a787a09d,timestamp:1668979359
2022-11-20T13:22:39,600 - PredictionTime.Milliseconds:10.2|#ModelName:mnist,Level:Model|#hostname:MacStudio,requestID:ea09f73f-69e0-4749-be97-ce7f20037bb6,timestamp:1668979359
2022-11-20T13:22:39,623 - PredictionTime.Milliseconds:3.49|#ModelName:mnist,Level:Model|#hostname:MacStudio,requestID:bf2774b5-4361-4eb8-9865-8d7cbc5ec867,timestamp:1668979359
2022-11-20T13:22:39,649 - PredictionTime.Milliseconds:2.95|#ModelName:mnist,Level:Model|#hostname:MacStudio,requestID:d60e9645-637d-4609-9b91-bb54668f388a,timestamp:1668979359
2022-11-20T13:22:39,674 - PredictionTime.Milliseconds:4.58|#ModelName:mnist,Level:Model|#hostname:MacStudio,requestID:2ae37f4f-af91-42f8-8bb1-cb4d95ae8a0a,timestamp:1668979359
2022-11-20T13:23:34,737 - PredictionTime.Milliseconds:3.98|#ModelName:mnist,Level:Model|#hostname:MacStudio,requestID:5fdbfde9-ef82-4264-8353-f8e8b0fb8046,timestamp:1668979414
2022-11-20T13:23:34,764 - PredictionTime.Milliseconds:2.91|#ModelName:mnist,Level:Model|#hostname:MacStudio,requestID:8c09ec0a-64a8-4a76-a136-a6aebb6ba180,timestamp:1668979414
2022-11-20T13:23:34,792 - PredictionTime.Milliseconds:2.96|#ModelName:mnist,Level:Model|#hostname:MacStudio,requestID:2f7a3417-6d87-459e-8ef4-6b1c05e7b692,timestamp:1668979414
2022-11-20T13:23:34,817 - PredictionTime.Milliseconds:2.52|#ModelName:mnist,Level:Model|#hostname:MacStudio,requestID:78cae11d-f44c-487c-a8fb-82155619523f,timestamp:1668979414
2022-11-20T13:23:34,843 - PredictionTime.Milliseconds:5.5|#ModelName:mnist,Level:Model|#hostname:MacStudio,requestID:70860280-3abb-430c-9926-169bfcd3b9b4,timestamp:1668979414
2022-11-20T13:23:34,869 - PredictionTime.Milliseconds:3.22|#ModelName:mnist,Level:Model|#hostname:MacStudio,requestID:9b94234d-9ac1-46f5-9203-737fb3da02eb,timestamp:1668979414
2022-11-20T13:24:14,739 - PredictionTime.Milliseconds:7.48|#ModelName:mnist,Level:Model|#hostname:MacStudio,requestID:97daf2e6-78cb-4a7e-87da-85f20f722778,timestamp:1668979454
2022-11-20T13:24:14,780 - PredictionTime.Milliseconds:4.87|#ModelName:mnist,Level:Model|#hostname:MacStudio,requestID:f7ba9cdd-b497-452b-97be-2981859b5372,timestamp:1668979454
2022-11-20T13:24:14,803 - PredictionTime.Milliseconds:2.51|#ModelName:mnist,Level:Model|#hostname:MacStudio,requestID:42e03fe8-612e-4b79-90fb-7baa41688b1b,timestamp:1668979454
2022-11-20T13:24:14,832 - PredictionTime.Milliseconds:2.57|#ModelName:mnist,Level:Model|#hostname:MacStudio,requestID:8d0400e1-dab0-4031-b829-19056cc00dbc,timestamp:1668979454
2022-11-20T13:24:14,854 - PredictionTime.Milliseconds:3.46|#ModelName:mnist,Level:Model|#hostname:MacStudio,requestID:42088223-cab5-419c-9fdb-09925ebd9838,timestamp:1668979454
2022-11-20T13:24:14,881 - PredictionTime.Milliseconds:6.91|#ModelName:mnist,Level:Model|#hostname:MacStudio,requestID:abe6f67b-57d4-4be0-8bf6-281a221cfdd9,timestamp:1668979454
2022-11-20T13:24:38,628 - PredictionTime.Milliseconds:5.35|#ModelName:mnist,Level:Model|#hostname:MacStudio,requestID:2fe1cb19-80dc-41b3-b3a9-e1498ef9d135,timestamp:1668979478
2022-11-20T13:24:38,656 - PredictionTime.Milliseconds:3.25|#ModelName:mnist,Level:Model|#hostname:MacStudio,requestID:a217b3fc-c229-4d0e-aecf-ffaf77677e49,timestamp:1668979478
2022-11-20T13:24:38,682 - PredictionTime.Milliseconds:2.35|#ModelName:mnist,Level:Model|#hostname:MacStudio,requestID:07639dc8-bc53-49af-a3a4-3cd6126eeea7,timestamp:1668979478
2022-11-20T13:24:38,704 - PredictionTime.Milliseconds:2.37|#ModelName:mnist,Level:Model|#hostname:MacStudio,requestID:a249e0a3-8acd-4627-829d-f1947adb2ec4,timestamp:1668979478
2022-11-20T13:24:38,730 - PredictionTime.Milliseconds:5.31|#ModelName:mnist,Level:Model|#hostname:MacStudio,requestID:36777ff2-3999-4cd1-87e1-deebe9453f5e,timestamp:1668979478
2022-11-20T13:24:38,751 - PredictionTime.Milliseconds:2.54|#ModelName:mnist,Level:Model|#hostname:MacStudio,requestID:0498f794-5a1b-4cb9-9756-9ac42cfdb162,timestamp:1668979478
2022-11-20T13:24:43,400 - PredictionTime.Milliseconds:2.26|#ModelName:mnist,Level:Model|#hostname:MacStudio,requestID:ced02bd2-b755-4598-9f10-cf829a761ebe,timestamp:1668979483
2022-11-20T13:24:43,422 - PredictionTime.Milliseconds:2.73|#ModelName:mnist,Level:Model|#hostname:MacStudio,requestID:1c8ed0ed-4a30-42bb-b0bd-a204ff1c7314,timestamp:1668979483
2022-11-20T13:24:43,447 - PredictionTime.Milliseconds:2.7|#ModelName:mnist,Level:Model|#hostname:MacStudio,requestID:1b0042fb-050b-4188-a62e-d8aee1cdcabb,timestamp:1668979483
2022-11-20T13:24:43,469 - PredictionTime.Milliseconds:2.51|#ModelName:mnist,Level:Model|#hostname:MacStudio,requestID:db93c796-50c4-46a3-9834-316f37820ed2,timestamp:1668979483
2022-11-20T13:24:43,495 - PredictionTime.Milliseconds:2.71|#ModelName:mnist,Level:Model|#hostname:MacStudio,requestID:b785305e-2786-4702-9898-8d5ad7748005,timestamp:1668979483
2022-11-20T13:24:43,517 - PredictionTime.Milliseconds:2.8|#ModelName:mnist,Level:Model|#hostname:MacStudio,requestID:92f5e2e6-615a-422b-b55f-93f981fae62e,timestamp:1668979483
2022-11-20T13:24:55,861 - PredictionTime.Milliseconds:3.9|#ModelName:mnist,Level:Model|#hostname:MacStudio,requestID:9ea23276-d09d-467a-b233-14f0a90fab2d,timestamp:1668979495
2022-11-20T13:24:55,889 - PredictionTime.Milliseconds:2.62|#ModelName:mnist,Level:Model|#hostname:MacStudio,requestID:c67089f5-3293-473f-bf28-66dbe7b69f2f,timestamp:1668979495
2022-11-20T13:24:55,920 - PredictionTime.Milliseconds:3.63|#ModelName:mnist,Level:Model|#hostname:MacStudio,requestID:6c50975f-6130-42e2-8733-da9162aa18e9,timestamp:1668979495
2022-11-20T13:24:55,954 - PredictionTime.Milliseconds:5.47|#ModelName:mnist,Level:Model|#hostname:MacStudio,requestID:7f55c1e0-d05e-41ef-bc8d-4c766cd209ed,timestamp:1668979495
2022-11-20T13:24:55,979 - PredictionTime.Milliseconds:3.24|#ModelName:mnist,Level:Model|#hostname:MacStudio,requestID:5b4a64dd-939d-4959-a9fd-244a54a14b51,timestamp:1668979495
2022-11-20T13:24:56,000 - PredictionTime.Milliseconds:2.6|#ModelName:mnist,Level:Model|#hostname:MacStudio,requestID:4b2bd629-0bd4-4b49-a4a1-17e504255e37,timestamp:1668979495
2022-11-20T13:25:02,448 - PredictionTime.Milliseconds:2.64|#ModelName:mnist,Level:Model|#hostname:MacStudio,requestID:a7f59526-ce88-401f-ac6b-f00ee7f75e11,timestamp:1668979502
2022-11-20T13:25:02,470 - PredictionTime.Milliseconds:1.99|#ModelName:mnist,Level:Model|#hostname:MacStudio,requestID:01402853-3a5b-46a2-bcaf-fc38667b2bec,timestamp:1668979502
2022-11-20T13:25:02,501 - PredictionTime.Milliseconds:2.65|#ModelName:mnist,Level:Model|#hostname:MacStudio,requestID:e0d054e2-cf9b-4d22-aeac-2d326bb982c8,timestamp:1668979502
2022-11-20T13:25:02,538 - PredictionTime.Milliseconds:1.55|#ModelName:mnist,Level:Model|#hostname:MacStudio,requestID:be54d3fb-ac4f-42b7-a0e6-046f0146a2bc,timestamp:1668979502
2022-11-20T13:25:02,563 - PredictionTime.Milliseconds:1.66|#ModelName:mnist,Level:Model|#hostname:MacStudio,requestID:70a8bc7c-227b-434a-9650-d2d4c8f7ad5b,timestamp:1668979502
2022-11-20T13:25:02,586 - PredictionTime.Milliseconds:2.86|#ModelName:mnist,Level:Model|#hostname:MacStudio,requestID:d88a20d3-b553-48ec-af8c-1d7c5ac2b7c5,timestamp:1668979502
2022-11-20T13:25:28,698 - PredictionTime.Milliseconds:2.32|#ModelName:mnist,Level:Model|#hostname:MacStudio,requestID:04f53d28-d519-4018-a534-a0df8d514225,timestamp:1668979528
2022-11-20T13:25:28,719 - PredictionTime.Milliseconds:2.35|#ModelName:mnist,Level:Model|#hostname:MacStudio,requestID:e5effbe0-33fe-4339-b6d7-386a2fa57737,timestamp:1668979528
2022-11-20T13:25:28,748 - PredictionTime.Milliseconds:9.15|#ModelName:mnist,Level:Model|#hostname:MacStudio,requestID:ca8db8fa-083f-4520-beab-b8135300b627,timestamp:1668979528
2022-11-20T13:25:28,771 - PredictionTime.Milliseconds:2.28|#ModelName:mnist,Level:Model|#hostname:MacStudio,requestID:e6fcfde3-243c-47df-95b2-b371f9428370,timestamp:1668979528
2022-11-20T13:25:28,800 - PredictionTime.Milliseconds:8.27|#ModelName:mnist,Level:Model|#hostname:MacStudio,requestID:c4409ef4-c120-436f-b8e5-fe3700cea77e,timestamp:1668979528
2022-11-20T13:25:28,828 - PredictionTime.Milliseconds:3.7|#ModelName:mnist,Level:Model|#hostname:MacStudio,requestID:08a912e9-07e4-483f-8649-4e6f9df83ef5,timestamp:1668979528
2022-11-20T13:28:15,249 - PredictionTime.Milliseconds:10.67|#ModelName:mnist,Level:Model|#hostname:MacStudio,requestID:b3b05ebe-b0d6-4d93-aeb7-8e609f48ad89,timestamp:1668979695
2022-11-20T13:28:15,282 - PredictionTime.Milliseconds:5.14|#ModelName:mnist,Level:Model|#hostname:MacStudio,requestID:9c28a01f-cc3c-41a0-8d1f-e89c5f5d8eb8,timestamp:1668979695
2022-11-20T13:28:15,313 - PredictionTime.Milliseconds:10.66|#ModelName:mnist,Level:Model|#hostname:MacStudio,requestID:364694d6-77c9-4a6f-be81-491b798be641,timestamp:1668979695
2022-11-20T13:28:15,337 - PredictionTime.Milliseconds:3.84|#ModelName:mnist,Level:Model|#hostname:MacStudio,requestID:2287468a-45f4-4e1e-a57f-acbebf47f2df,timestamp:1668979695
2022-11-20T13:28:15,365 - PredictionTime.Milliseconds:3.58|#ModelName:mnist,Level:Model|#hostname:MacStudio,requestID:18f13fda-ec9b-4973-bda7-60c8f2eeef2c,timestamp:1668979695
2022-11-20T13:28:15,390 - PredictionTime.Milliseconds:5.02|#ModelName:mnist,Level:Model|#hostname:MacStudio,requestID:f56568ee-6d54-442e-bf22-e2d84816cb96,timestamp:1668979695
2022-11-20T13:29:06,626 - PredictionTime.Milliseconds:7.11|#ModelName:mnist,Level:Model|#hostname:MacStudio,requestID:41de9a03-dc43-4f93-89dd-e6faaa2c1b1e,timestamp:1668979746
2022-11-20T13:29:06,659 - PredictionTime.Milliseconds:7.35|#ModelName:mnist,Level:Model|#hostname:MacStudio,requestID:5a7f048b-4393-4cf5-98a3-1b96da2181b3,timestamp:1668979746
2022-11-20T13:29:06,690 - PredictionTime.Milliseconds:4.99|#ModelName:mnist,Level:Model|#hostname:MacStudio,requestID:8cf4b3b6-1a25-4cf5-935e-d6fd21253adc,timestamp:1668979746
2022-11-20T13:29:06,717 - PredictionTime.Milliseconds:3.53|#ModelName:mnist,Level:Model|#hostname:MacStudio,requestID:c5566ce9-b499-41aa-8821-e44b62aa0b63,timestamp:1668979746
2022-11-20T13:29:06,741 - PredictionTime.Milliseconds:3.48|#ModelName:mnist,Level:Model|#hostname:MacStudio,requestID:e089b475-a712-4ce6-94a3-98f5fcf1e6d2,timestamp:1668979746
2022-11-20T13:29:06,764 - PredictionTime.Milliseconds:2.76|#ModelName:mnist,Level:Model|#hostname:MacStudio,requestID:37b6dfb3-f275-4a02-983d-d1a619919f00,timestamp:1668979746
2022-11-20T13:33:40,517 - PredictionTime.Milliseconds:10.83|#ModelName:mnist,Level:Model|#hostname:MacStudio,requestID:06d8c65d-ac1b-4ec4-bca7-5d7410a28598,timestamp:1668980020
2022-11-20T13:33:40,564 - PredictionTime.Milliseconds:4.59|#ModelName:mnist,Level:Model|#hostname:MacStudio,requestID:59e598e2-ba40-41b7-ac90-763b95379fa0,timestamp:1668980020
2022-11-20T13:33:40,600 - PredictionTime.Milliseconds:3.56|#ModelName:mnist,Level:Model|#hostname:MacStudio,requestID:ecdc778c-de36-4f2f-a80d-939168b846b3,timestamp:1668980020
2022-11-20T13:33:40,637 - PredictionTime.Milliseconds:6.43|#ModelName:mnist,Level:Model|#hostname:MacStudio,requestID:d1ca6cde-5b07-4d84-9590-9b1249ce12dd,timestamp:1668980020
2022-11-20T13:33:40,663 - PredictionTime.Milliseconds:4.98|#ModelName:mnist,Level:Model|#hostname:MacStudio,requestID:a1567e66-945c-440b-bdd5-65650d8afa51,timestamp:1668980020
2022-11-20T13:33:40,690 - PredictionTime.Milliseconds:4.79|#ModelName:mnist,Level:Model|#hostname:MacStudio,requestID:afb06a36-66ef-43e2-9e42-0250a09d93ac,timestamp:1668980020
2022-11-20T13:35:00,931 - PredictionTime.Milliseconds:34.15|#ModelName:mnist,Level:Model|#hostname:MacStudio,requestID:0d42f477-b42d-4f1c-bb1d-b9cbd83e69bd,timestamp:1668980100
2022-11-20T13:35:00,970 - PredictionTime.Milliseconds:6.69|#ModelName:mnist,Level:Model|#hostname:MacStudio,requestID:c2aaf135-5b65-495f-a7c7-3896deab3850,timestamp:1668980100
2022-11-20T13:35:01,000 - PredictionTime.Milliseconds:5.19|#ModelName:mnist,Level:Model|#hostname:MacStudio,requestID:696f9723-c2e4-4dfe-a273-f87761f1cdb2,timestamp:1668980101
2022-11-20T13:35:01,032 - PredictionTime.Milliseconds:6.62|#ModelName:mnist,Level:Model|#hostname:MacStudio,requestID:e3c75db7-22fe-4082-b59c-dd80c10ae53a,timestamp:1668980101
2022-11-20T13:35:01,070 - PredictionTime.Milliseconds:4.93|#ModelName:mnist,Level:Model|#hostname:MacStudio,requestID:df4b05b9-30b4-4b81-b6f0-4e47fa2baeac,timestamp:1668980101
2022-11-20T13:35:01,098 - PredictionTime.Milliseconds:5.03|#ModelName:mnist,Level:Model|#hostname:MacStudio,requestID:ba2fc481-e6a1-4ba2-8471-86d3d030145b,timestamp:1668980101
2022-11-20T13:35:30,616 - PredictionTime.Milliseconds:16.57|#ModelName:mnist,Level:Model|#hostname:MacStudio,requestID:667f39d0-5747-44f5-b9ec-5082d1580a62,timestamp:1668980130
2022-11-20T13:35:30,661 - PredictionTime.Milliseconds:13.56|#ModelName:mnist,Level:Model|#hostname:MacStudio,requestID:449d0e48-43db-4e74-991c-b52ae8d04c5f,timestamp:1668980130
2022-11-20T13:35:30,698 - PredictionTime.Milliseconds:12.4|#ModelName:mnist,Level:Model|#hostname:MacStudio,requestID:1e720745-64f8-4f5f-8935-dbf4d4d27fd0,timestamp:1668980130
2022-11-20T13:35:30,730 - PredictionTime.Milliseconds:5.81|#ModelName:mnist,Level:Model|#hostname:MacStudio,requestID:9bcdac79-6716-4450-b7f6-a82cc3d2ba0f,timestamp:1668980130
2022-11-20T13:35:30,751 - PredictionTime.Milliseconds:2.74|#ModelName:mnist,Level:Model|#hostname:MacStudio,requestID:773ec6e2-ecae-41b4-ba5e-d4d837e6aaef,timestamp:1668980130
2022-11-20T13:35:30,774 - PredictionTime.Milliseconds:3.66|#ModelName:mnist,Level:Model|#hostname:MacStudio,requestID:f6bc0519-5d00-4f4f-b712-d10842fe2852,timestamp:1668980130
2022-11-20T13:37:15,754 - PredictionTime.Milliseconds:12.3|#ModelName:mnist,Level:Model|#hostname:MacStudio,requestID:25322dbb-7aa7-43fc-8913-f1fc44537b90,timestamp:1668980235
2022-11-20T13:37:15,785 - PredictionTime.Milliseconds:7.14|#ModelName:mnist,Level:Model|#hostname:MacStudio,requestID:e4f7a751-7144-4a35-8b8d-f93b20b8feaa,timestamp:1668980235
2022-11-20T13:37:15,845 - PredictionTime.Milliseconds:9.25|#ModelName:mnist,Level:Model|#hostname:MacStudio,requestID:f9b09afb-0df5-4961-9e4f-e929c07c6995,timestamp:1668980235
2022-11-20T13:37:15,871 - PredictionTime.Milliseconds:6.14|#ModelName:mnist,Level:Model|#hostname:MacStudio,requestID:b3833f65-b50f-4cee-a12d-246aed14b8f8,timestamp:1668980235
2022-11-20T13:37:15,899 - PredictionTime.Milliseconds:5.56|#ModelName:mnist,Level:Model|#hostname:MacStudio,requestID:51a8233a-598f-43c5-8aab-10aa73a6aeda,timestamp:1668980235
2022-11-20T13:37:15,931 - PredictionTime.Milliseconds:7.02|#ModelName:mnist,Level:Model|#hostname:MacStudio,requestID:411a254b-286b-4bb3-816a-4f6470bfd741,timestamp:1668980235
2022-11-20T13:38:06,747 - PredictionTime.Milliseconds:9.38|#ModelName:mnist,Level:Model|#hostname:MacStudio,requestID:2c145fbf-f7f6-4314-a785-2972b67b75c9,timestamp:1668980286
2022-11-20T13:38:06,798 - PredictionTime.Milliseconds:18.58|#ModelName:mnist,Level:Model|#hostname:MacStudio,requestID:d5f5eb6c-94d5-4770-aac4-0a08e0f9add3,timestamp:1668980286
2022-11-20T13:38:06,859 - PredictionTime.Milliseconds:22.53|#ModelName:mnist,Level:Model|#hostname:MacStudio,requestID:f11832dc-2c0c-474e-ac82-d82a90db1034,timestamp:1668980286
2022-11-20T13:38:06,888 - PredictionTime.Milliseconds:7.5|#ModelName:mnist,Level:Model|#hostname:MacStudio,requestID:8241fef7-b6c9-4b4f-90aa-1c1861435b11,timestamp:1668980286
2022-11-20T13:38:06,933 - PredictionTime.Milliseconds:15.34|#ModelName:mnist,Level:Model|#hostname:MacStudio,requestID:d4b01a29-7dc0-4c66-9f44-fa37f5d51c36,timestamp:1668980286
2022-11-20T13:38:06,979 - PredictionTime.Milliseconds:8.44|#ModelName:mnist,Level:Model|#hostname:MacStudio,requestID:3d1d1136-2e28-4d32-a717-4a37dc3fb3c6,timestamp:1668980286
2022-11-20T13:39:39,176 - PredictionTime.Milliseconds:19.65|#ModelName:mnist,Level:Model|#hostname:MacStudio,requestID:75b45451-a4f8-4272-8494-0ec1717e9bc8,timestamp:1668980379
2022-11-20T13:39:39,239 - PredictionTime.Milliseconds:7.38|#ModelName:mnist,Level:Model|#hostname:MacStudio,requestID:4db57616-add7-436e-afdb-13914e45a482,timestamp:1668980379
2022-11-20T13:39:39,294 - PredictionTime.Milliseconds:10.21|#ModelName:mnist,Level:Model|#hostname:MacStudio,requestID:aff065cb-a491-4f94-a72a-ef3c7f25cf55,timestamp:1668980379
2022-11-20T13:39:39,352 - PredictionTime.Milliseconds:20.29|#ModelName:mnist,Level:Model|#hostname:MacStudio,requestID:21db4e67-b286-483b-8897-bf8a6b4696b9,timestamp:1668980379
2022-11-20T13:39:39,408 - PredictionTime.Milliseconds:21.68|#ModelName:mnist,Level:Model|#hostname:MacStudio,requestID:569c4002-bd82-4719-8e8b-e8399cce8d8d,timestamp:1668980379
2022-11-20T13:39:39,456 - PredictionTime.Milliseconds:10.77|#ModelName:mnist,Level:Model|#hostname:MacStudio,requestID:389cf774-c8bf-4323-bedc-c48fd742fd57,timestamp:1668980379
2022-11-20T13:40:34,582 - PredictionTime.Milliseconds:12.42|#ModelName:mnist,Level:Model|#hostname:MacStudio,requestID:68988ecb-fa8a-4d4d-998c-41d8a0d31083,timestamp:1668980434
2022-11-20T13:40:34,644 - PredictionTime.Milliseconds:17.94|#ModelName:mnist,Level:Model|#hostname:MacStudio,requestID:def35f68-72b1-43d3-9abc-d7f14b165c8a,timestamp:1668980434
2022-11-20T13:40:34,692 - PredictionTime.Milliseconds:16.51|#ModelName:mnist,Level:Model|#hostname:MacStudio,requestID:b3a273a9-5201-4f83-ace5-62add84e6777,timestamp:1668980434
2022-11-20T13:40:34,746 - PredictionTime.Milliseconds:23.47|#ModelName:mnist,Level:Model|#hostname:MacStudio,requestID:da0bc900-e521-4347-abe4-587d4ee37931,timestamp:1668980434
2022-11-20T13:40:34,800 - PredictionTime.Milliseconds:20.68|#ModelName:mnist,Level:Model|#hostname:MacStudio,requestID:8901ef48-1cc9-49e8-adad-b1ee5ba8d67b,timestamp:1668980434
2022-11-20T13:40:34,854 - PredictionTime.Milliseconds:19.41|#ModelName:mnist,Level:Model|#hostname:MacStudio,requestID:c42fac8b-2986-4dd5-82fa-cc3129914769,timestamp:1668980434
2022-11-20T13:42:17,280 - PredictionTime.Milliseconds:11.37|#ModelName:mnist,Level:Model|#hostname:MacStudio,requestID:c0594dc0-8fc0-4268-9a4f-3cbe7b1d66f9,timestamp:1668980537
2022-11-20T13:42:17,341 - PredictionTime.Milliseconds:20.63|#ModelName:mnist,Level:Model|#hostname:MacStudio,requestID:ca368397-0b18-4c43-a998-bf39576c5964,timestamp:1668980537
2022-11-20T13:42:17,393 - PredictionTime.Milliseconds:15.0|#ModelName:mnist,Level:Model|#hostname:MacStudio,requestID:b56d95ba-832c-4a40-a341-e16b598df0d5,timestamp:1668980537
2022-11-20T13:42:17,437 - PredictionTime.Milliseconds:16.71|#ModelName:mnist,Level:Model|#hostname:MacStudio,requestID:edeb18e3-16ca-4b4c-9cee-d6fdc22a1f80,timestamp:1668980537
2022-11-20T13:42:17,485 - PredictionTime.Milliseconds:14.84|#ModelName:mnist,Level:Model|#hostname:MacStudio,requestID:d96fb550-ea9a-49bc-a052-7845ee41c255,timestamp:1668980537
2022-11-20T13:42:17,524 - PredictionTime.Milliseconds:14.69|#ModelName:mnist,Level:Model|#hostname:MacStudio,requestID:125becec-6eac-402f-8192-f2d7ae413b9f,timestamp:1668980537
2022-11-20T13:42:54,141 - PredictionTime.Milliseconds:19.78|#ModelName:mnist,Level:Model|#hostname:MacStudio,requestID:47a43e5e-0521-4225-9982-0faa2f627970,timestamp:1668980574
2022-11-20T13:42:54,196 - PredictionTime.Milliseconds:17.35|#ModelName:mnist,Level:Model|#hostname:MacStudio,requestID:695126b9-8853-44e9-8124-d252d02d0578,timestamp:1668980574
2022-11-20T13:42:54,248 - PredictionTime.Milliseconds:18.9|#ModelName:mnist,Level:Model|#hostname:MacStudio,requestID:d3137947-12b0-4348-9274-3c8942b1ed36,timestamp:1668980574
2022-11-20T13:42:54,294 - PredictionTime.Milliseconds:19.04|#ModelName:mnist,Level:Model|#hostname:MacStudio,requestID:bd2e3b88-5edc-4e05-95d0-719aa5a955bb,timestamp:1668980574
2022-11-20T13:42:54,344 - PredictionTime.Milliseconds:13.12|#ModelName:mnist,Level:Model|#hostname:MacStudio,requestID:a552d50c-852e-4a68-85ae-51a68a599c82,timestamp:1668980574
2022-11-20T13:42:54,397 - PredictionTime.Milliseconds:12.68|#ModelName:mnist,Level:Model|#hostname:MacStudio,requestID:0f7df1d0-a289-442a-89d8-b6730c4818da,timestamp:1668980574
2022-11-20T13:43:32,185 - PredictionTime.Milliseconds:23.4|#ModelName:mnist,Level:Model|#hostname:MacStudio,requestID:fc3be101-1699-409d-ac09-cb7a9faad48c,timestamp:1668980612
2022-11-20T13:43:32,243 - PredictionTime.Milliseconds:22.71|#ModelName:mnist,Level:Model|#hostname:MacStudio,requestID:de1a6dd7-25a8-47f7-a1b0-7224d46be03d,timestamp:1668980612
2022-11-20T13:43:32,294 - PredictionTime.Milliseconds:17.23|#ModelName:mnist,Level:Model|#hostname:MacStudio,requestID:bde1fad2-8eab-489e-a154-4c42a72e1a6c,timestamp:1668980612
2022-11-20T13:43:32,340 - PredictionTime.Milliseconds:17.33|#ModelName:mnist,Level:Model|#hostname:MacStudio,requestID:b4dcba66-d360-457d-bf7b-cd6fce8e2217,timestamp:1668980612
2022-11-20T13:43:32,367 - PredictionTime.Milliseconds:5.79|#ModelName:mnist,Level:Model|#hostname:MacStudio,requestID:d6807434-5377-4018-8168-9e04a4d79f6a,timestamp:1668980612
2022-11-20T13:43:32,402 - PredictionTime.Milliseconds:10.36|#ModelName:mnist,Level:Model|#hostname:MacStudio,requestID:113b7b5f-77d5-4c47-b9cd-62406f197a50,timestamp:1668980612
2022-11-20T13:44:48,388 - PredictionTime.Milliseconds:16.27|#ModelName:mnist,Level:Model|#hostname:MacStudio,requestID:5a5d6849-6c04-47d5-8b17-3770e0f036b7,timestamp:1668980688
2022-11-20T13:44:48,414 - PredictionTime.Milliseconds:4.42|#ModelName:mnist,Level:Model|#hostname:MacStudio,requestID:b5b3e7be-1e44-4df2-84ec-ffba8245d9b9,timestamp:1668980688
2022-11-20T13:44:48,447 - PredictionTime.Milliseconds:5.81|#ModelName:mnist,Level:Model|#hostname:MacStudio,requestID:4cd744e3-f4b4-46bc-a59e-6c82acd9422c,timestamp:1668980688
2022-11-20T13:44:48,476 - PredictionTime.Milliseconds:10.59|#ModelName:mnist,Level:Model|#hostname:MacStudio,requestID:ff9a5d0f-bfc8-4822-933d-d4695a5c5edc,timestamp:1668980688
2022-11-20T13:44:48,505 - PredictionTime.Milliseconds:7.19|#ModelName:mnist,Level:Model|#hostname:MacStudio,requestID:9102a4e4-4f62-494a-8b66-47bfa10b1062,timestamp:1668980688
2022-11-20T13:44:48,534 - PredictionTime.Milliseconds:5.16|#ModelName:mnist,Level:Model|#hostname:MacStudio,requestID:57cbc16f-ef58-4c7c-a07e-550411afecb4,timestamp:1668980688
2022-11-20T13:46:31,155 - PredictionTime.Milliseconds:14.9|#ModelName:mnist,Level:Model|#hostname:MacStudio,requestID:c869cb04-6c2c-47fb-9238-6575152d25e4,timestamp:1668980791
2022-11-20T13:46:31,189 - PredictionTime.Milliseconds:11.95|#ModelName:mnist,Level:Model|#hostname:MacStudio,requestID:bdd7fa4f-b93d-44ef-858f-3a6f59872abf,timestamp:1668980791
2022-11-20T13:46:31,219 - PredictionTime.Milliseconds:7.69|#ModelName:mnist,Level:Model|#hostname:MacStudio,requestID:b986cc22-6cbb-4a9e-9aea-710aa1785619,timestamp:1668980791
2022-11-20T13:46:31,245 - PredictionTime.Milliseconds:5.35|#ModelName:mnist,Level:Model|#hostname:MacStudio,requestID:29c2aba2-c311-4d70-9247-d1db04e9a46b,timestamp:1668980791
2022-11-20T13:46:31,272 - PredictionTime.Milliseconds:1.71|#ModelName:mnist,Level:Model|#hostname:MacStudio,requestID:d46060f2-70b7-4c85-ba44-02a736009508,timestamp:1668980791
2022-11-20T13:46:31,298 - PredictionTime.Milliseconds:4.53|#ModelName:mnist,Level:Model|#hostname:MacStudio,requestID:314d9c48-1a33-4a9d-8a8b-713712219d8d,timestamp:1668980791
2022-11-20T13:52:37,042 - PredictionTime.Milliseconds:4.73|#ModelName:mnist,Level:Model|#hostname:MacStudio,requestID:567b7cbf-da27-4e11-ab5f-b81f14824bef,timestamp:1668981157
2022-11-20T13:52:37,077 - PredictionTime.Milliseconds:2.75|#ModelName:mnist,Level:Model|#hostname:MacStudio,requestID:93f54245-b1f6-4772-9b34-b533c2170441,timestamp:1668981157
2022-11-20T13:52:37,106 - PredictionTime.Milliseconds:8.02|#ModelName:mnist,Level:Model|#hostname:MacStudio,requestID:994cb74e-49b8-491e-a60c-96eb26129647,timestamp:1668981157
2022-11-20T13:52:37,128 - PredictionTime.Milliseconds:2.97|#ModelName:mnist,Level:Model|#hostname:MacStudio,requestID:119f7612-94de-4861-af6f-e726258a57f5,timestamp:1668981157
2022-11-20T13:52:37,156 - PredictionTime.Milliseconds:2.63|#ModelName:mnist,Level:Model|#hostname:MacStudio,requestID:450e54b9-0e29-4ad3-b5ca-4937f27937e7,timestamp:1668981157
2022-11-20T13:52:37,180 - PredictionTime.Milliseconds:3.07|#ModelName:mnist,Level:Model|#hostname:MacStudio,requestID:5e522265-a249-4abd-a975-b8b3cf5ddf61,timestamp:1668981157
2022-11-20T13:53:38,315 - PredictionTime.Milliseconds:4.29|#ModelName:mnist,Level:Model|#hostname:MacStudio,requestID:714bbb89-2cc4-4f37-b65b-2a299c44ff11,timestamp:1668981218
2022-11-20T13:53:38,338 - PredictionTime.Milliseconds:2.92|#ModelName:mnist,Level:Model|#hostname:MacStudio,requestID:11cba4f5-7a08-4b8c-a4d1-fe6466f827f0,timestamp:1668981218
2022-11-20T13:53:38,361 - PredictionTime.Milliseconds:3.32|#ModelName:mnist,Level:Model|#hostname:MacStudio,requestID:5e971f43-db93-48fd-b6bd-7116978abf98,timestamp:1668981218
2022-11-20T13:53:38,383 - PredictionTime.Milliseconds:4.29|#ModelName:mnist,Level:Model|#hostname:MacStudio,requestID:15590083-89f2-4e5f-a641-949517a624fa,timestamp:1668981218
2022-11-20T13:53:38,408 - PredictionTime.Milliseconds:3.68|#ModelName:mnist,Level:Model|#hostname:MacStudio,requestID:df885d79-8cd5-4dcd-bacf-af73bc04e8d3,timestamp:1668981218
2022-11-20T13:53:38,432 - PredictionTime.Milliseconds:3.35|#ModelName:mnist,Level:Model|#hostname:MacStudio,requestID:ebc7ae2d-df7d-4b9b-995e-5c4f80769c55,timestamp:1668981218
2022-11-20T15:30:00,772 - PredictionTime.Milliseconds:13.63|#ModelName:mnist,Level:Model|#hostname:MacStudio,requestID:ea560943-2255-4779-9110-39a0b72af42f,timestamp:1668987000
2022-11-20T15:30:00,804 - PredictionTime.Milliseconds:11.57|#ModelName:mnist,Level:Model|#hostname:MacStudio,requestID:62b87c82-c891-4071-adc4-14f119ce6efd,timestamp:1668987000
2022-11-20T15:30:00,836 - PredictionTime.Milliseconds:8.1|#ModelName:mnist,Level:Model|#hostname:MacStudio,requestID:f830f8c1-6e4a-48aa-8518-9b7ab1ffe474,timestamp:1668987000
2022-11-20T15:30:00,862 - PredictionTime.Milliseconds:5.63|#ModelName:mnist,Level:Model|#hostname:MacStudio,requestID:b1fcc694-7ce7-4e22-bf8c-3a8d01b3c379,timestamp:1668987000
2022-11-20T15:30:00,886 - PredictionTime.Milliseconds:4.92|#ModelName:mnist,Level:Model|#hostname:MacStudio,requestID:b743bfd7-d2f9-4d1e-abdb-77cc7ad518a3,timestamp:1668987000
2022-11-20T15:30:00,907 - PredictionTime.Milliseconds:5.23|#ModelName:mnist,Level:Model|#hostname:MacStudio,requestID:68958e1b-22d6-49a9-ae8b-93ec5b40d456,timestamp:1668987000
2022-11-20T15:57:37,426 - PredictionTime.Milliseconds:25.3|#ModelName:mnist,Level:Model|#hostname:MacStudio,requestID:8d022891-7127-4852-9b87-b472bf32ca36,timestamp:1668988657
2022-11-20T15:57:37,450 - PredictionTime.Milliseconds:4.01|#ModelName:mnist,Level:Model|#hostname:MacStudio,requestID:211e4d06-ce51-4f09-95a3-f3f644b29931,timestamp:1668988657
2022-11-20T15:57:37,472 - PredictionTime.Milliseconds:3.81|#ModelName:mnist,Level:Model|#hostname:MacStudio,requestID:710ca2cd-21ec-4a83-b9ca-077be1d90877,timestamp:1668988657
2022-11-20T15:57:37,495 - PredictionTime.Milliseconds:3.81|#ModelName:mnist,Level:Model|#hostname:MacStudio,requestID:ff9290cd-1286-496f-8944-b5e072ef3dd9,timestamp:1668988657
2022-11-20T15:57:37,518 - PredictionTime.Milliseconds:4.45|#ModelName:mnist,Level:Model|#hostname:MacStudio,requestID:4566243b-6e5e-4bba-b2c5-9b6e4c394329,timestamp:1668988657
2022-11-20T15:57:37,540 - PredictionTime.Milliseconds:4.12|#ModelName:mnist,Level:Model|#hostname:MacStudio,requestID:a6648864-758a-4831-bbb3-be6571c7703e,timestamp:1668988657
